<?xml version="1.0" encoding="UTF-8"?>
<testsuite xmlns:xsi="http://www.w3.org/2001/XMLSchema-instance" xsi:noNamespaceSchemaLocation="https://maven.apache.org/surefire/maven-surefire-plugin/xsd/surefire-test-report.xsd" name="com.mayank8197d.nymble.Passenger_optOutTest" time="0.006" tests="1" errors="0" skipped="0" failures="0">
  <properties>
[...]
</properties>
  <testcase name="check_if_passenger_removed_and_balance_adjusted" classname="com.mayank8197d.nymble.Passenger_optOutTest" time="0.003"/>
</testsuite>